[12:06:43] [ServerMain/INFO]: Environment: authHost='https://authserver.mojang.com', accountsHost='https://api.mojang.com', sessionHost='https://sessionserver.mojang.com', servicesHost='https://api.minecraftservices.com', name='PROD'
[12:06:43] [ServerMain/INFO]: Reloading ResourceManager: Default, timber v2.1.4.zip, coordinates hud v1.2.2.zip, bukkit, LightBlockEditor, VanillaTweaks_c736194.zip, crafting_honey_piston.zip, builders_wand_1.17.zip, crafting_activator_rail_64.zip, crafting_copper_hopper.zip, crafting_detector_rail_64.zip, crafting_powered_rail_64.zip, crafting_rail_64.zip, Chunk Loaders Modify Teerut&Ball, the_meme_pack_dp.zip
[12:06:45] [Worker-Main-1/INFO]: Loaded 7 recipes
[12:06:45] [Worker-Main-1/ERROR]: Couldn't parse loot table minecraft:blocks/yellow_shulker_box
com.google.gson.JsonSyntaxException: Missing type, expected to find a string
	at net.minecraft.util.GsonHelper.getAsString(GsonHelper.java:112) ~[?:?]
	at net.minecraft.world.level.storage.loot.functions.SetContainerContents$Serializer.deserialize(SetContainerContents.java:115) ~[?:?]
	at net.minecraft.world.level.storage.loot.functions.SetContainerContents$Serializer.b(SetContainerContents.java:104) ~[?:?]
	at net.minecraft.world.level.storage.loot.functions.LootItemConditionalFunction$Serializer.deserialize(LootItemConditionalFunction.java:99) ~[?:?]
	at net.minecraft.world.level.storage.loot.functions.SetContainerContents$Serializer.a(SetContainerContents.java:104) ~[?:?]
	at net.minecraft.world.level.storage.loot.GsonAdapterFactory$JsonAdapter.deserialize(GsonAdapterFactory.java:102) ~[?:?]
	at com.google.gson.internal.bind.TreeTypeAdapter.read(TreeTypeAdapter.java:69) ~[gson-2.8.8.jar:?]
	at com.google.gson.internal.bind.TypeAdapterRuntimeTypeWrapper.read(TypeAdapterRuntimeTypeWrapper.java:41) ~[gson-2.8.8.jar:?]
	at com.google.gson.internal.bind.ArrayTypeAdapter.read(ArrayTypeAdapter.java:72) ~[gson-2.8.8.jar:?]
	at com.google.gson.Gson.fromJson(Gson.java:932) ~[gson-2.8.8.jar:?]
	at com.google.gson.Gson.fromJson(Gson.java:1003) ~[gson-2.8.8.jar:?]
	at com.google.gson.internal.bind.TreeTypeAdapter$GsonContextImpl.deserialize(TreeTypeAdapter.java:162) ~[gson-2.8.8.jar:?]
	at net.minecraft.util.GsonHelper.convertToObject(GsonHelper.java:448) ~[?:?]
	at net.minecraft.util.GsonHelper.getAsObject(GsonHelper.java:466) ~[?:?]
	at net.minecraft.world.level.storage.loot.entries.LootPoolSingletonContainer$Serializer.deserializeCustom(LootPoolSingletonContainer.java:172) ~[?:?]
	at net.minecraft.world.level.storage.loot.entries.LootPoolSingletonContainer$Serializer.b(LootPoolSingletonContainer.java:151) ~[?:?]
	at net.minecraft.world.level.storage.loot.entries.LootPoolEntryContainer$Serializer.deserialize(LootPoolEntryContainer.java:86) ~[?:?]
	at net.minecraft.world.level.storage.loot.entries.LootPoolSingletonContainer$Serializer.a(LootPoolSingletonContainer.java:151) ~[?:?]
	at net.minecraft.world.level.storage.loot.GsonAdapterFactory$JsonAdapter.deserialize(GsonAdapterFactory.java:102) ~[?:?]
	at com.google.gson.internal.bind.TreeTypeAdapter.read(TreeTypeAdapter.java:69) ~[gson-2.8.8.jar:?]
	at com.google.gson.internal.bind.TypeAdapterRuntimeTypeWrapper.read(TypeAdapterRuntimeTypeWrapper.java:41) ~[gson-2.8.8.jar:?]
	at com.google.gson.internal.bind.ArrayTypeAdapter.read(ArrayTypeAdapter.java:72) ~[gson-2.8.8.jar:?]
	at com.google.gson.Gson.fromJson(Gson.java:932) ~[gson-2.8.8.jar:?]
	at com.google.gson.Gson.fromJson(Gson.java:1003) ~[gson-2.8.8.jar:?]
	at com.google.gson.internal.bind.TreeTypeAdapter$GsonContextImpl.deserialize(TreeTypeAdapter.java:162) ~[gson-2.8.8.jar:?]
	at net.minecraft.util.GsonHelper.convertToObject(GsonHelper.java:448) ~[?:?]
	at net.minecraft.util.GsonHelper.getAsObject(GsonHelper.java:456) ~[?:?]
	at net.minecraft.world.level.storage.loot.entries.CompositeEntryBase$1.deserializeCustom(CompositeEntryBase.java:61) ~[?:?]
	at net.minecraft.world.level.storage.loot.entries.CompositeEntryBase$1.b(CompositeEntryBase.java:53) ~[?:?]
	at net.minecraft.world.level.storage.loot.entries.LootPoolEntryContainer$Serializer.deserialize(LootPoolEntryContainer.java:86) ~[?:?]
	at net.minecraft.world.level.storage.loot.entries.LootPoolEntryContainer$Serializer.deserialize(LootPoolEntryContainer.java:74) ~[?:?]
	at net.minecraft.world.level.storage.loot.GsonAdapterFactory$JsonAdapter.deserialize(GsonAdapterFactory.java:102) ~[?:?]
	at com.google.gson.internal.bind.TreeTypeAdapter.read(TreeTypeAdapter.java:69) ~[gson-2.8.8.jar:?]
	at com.google.gson.internal.bind.TypeAdapterRuntimeTypeWrapper.read(TypeAdapterRuntimeTypeWrapper.java:41) ~[gson-2.8.8.jar:?]
	at com.google.gson.internal.bind.ArrayTypeAdapter.read(ArrayTypeAdapter.java:72) ~[gson-2.8.8.jar:?]
	at com.google.gson.Gson.fromJson(Gson.java:932) ~[gson-2.8.8.jar:?]
	at com.google.gson.Gson.fromJson(Gson.java:1003) ~[gson-2.8.8.jar:?]
	at com.google.gson.internal.bind.TreeTypeAdapter$GsonContextImpl.deserialize(TreeTypeAdapter.java:162) ~[gson-2.8.8.jar:?]
	at net.minecraft.util.GsonHelper.convertToObject(GsonHelper.java:448) ~[?:?]
	at net.minecraft.util.GsonHelper.getAsObject(GsonHelper.java:456) ~[?:?]
	at net.minecraft.world.level.storage.loot.LootPool$Serializer.deserialize(LootPool.java:173) ~[?:?]
	at net.minecraft.world.level.storage.loot.LootPool$Serializer.deserialize(LootPool.java:169) ~[?:?]
	at com.google.gson.internal.bind.TreeTypeAdapter.read(TreeTypeAdapter.java:69) ~[gson-2.8.8.jar:?]
	at com.google.gson.internal.bind.TypeAdapterRuntimeTypeWrapper.read(TypeAdapterRuntimeTypeWrapper.java:41) ~[gson-2.8.8.jar:?]
	at com.google.gson.internal.bind.ArrayTypeAdapter.read(ArrayTypeAdapter.java:72) ~[gson-2.8.8.jar:?]
	at com.google.gson.Gson.fromJson(Gson.java:932) ~[gson-2.8.8.jar:?]
	at com.google.gson.Gson.fromJson(Gson.java:1003) ~[gson-2.8.8.jar:?]
	at com.google.gson.internal.bind.TreeTypeAdapter$GsonContextImpl.deserialize(TreeTypeAdapter.java:162) ~[gson-2.8.8.jar:?]
	at net.minecraft.util.GsonHelper.convertToObject(GsonHelper.java:448) ~[?:?]
	at net.minecraft.util.GsonHelper.getAsObject(GsonHelper.java:466) ~[?:?]
	at net.minecraft.world.level.storage.loot.LootTable$Serializer.deserialize(LootTable.java:266) ~[?:?]
	at net.minecraft.world.level.storage.loot.LootTable$Serializer.deserialize(LootTable.java:260) ~[?:?]
	at com.google.gson.internal.bind.TreeTypeAdapter.read(TreeTypeAdapter.java:69) ~[gson-2.8.8.jar:?]
	at com.google.gson.Gson.fromJson(Gson.java:932) ~[gson-2.8.8.jar:?]
	at com.google.gson.Gson.fromJson(Gson.java:1003) ~[gson-2.8.8.jar:?]
	at com.google.gson.Gson.fromJson(Gson.java:975) ~[gson-2.8.8.jar:?]
	at net.minecraft.world.level.storage.loot.LootTables.lambda$apply$0(LootTables.java:47) ~[paper-1.18.1.jar:git-Paper-82]
	at java.util.HashMap.forEach(HashMap.java:1421) ~[?:?]
	at net.minecraft.world.level.storage.loot.LootTables.apply(LootTables.java:45) ~[paper-1.18.1.jar:git-Paper-82]
	at net.minecraft.world.level.storage.loot.LootTables.a(LootTables.java:20) ~[paper-1.18.1.jar:git-Paper-82]
	at net.minecraft.server.packs.resources.SimplePreparableReloadListener.lambda$reload$1(SimplePreparableReloadListener.java:13) ~[?:?]
	at java.util.concurrent.CompletableFuture$UniAccept.tryFire(CompletableFuture.java:718) ~[?:?]
	at java.util.concurrent.CompletableFuture$Completion.run(CompletableFuture.java:482) ~[?:?]
	at net.minecraft.server.packs.resources.SimpleReloadInstance.lambda$new$3(SimpleReloadInstance.java:71) ~[?:?]
	at net.minecraft.server.packs.resources.SimpleReloadInstance.lambda$new$4(SimpleReloadInstance.java:70) ~[?:?]
	at java.util.concurrent.CompletableFuture$UniCompletion.claim(CompletableFuture.java:572) ~[?:?]
	at java.util.concurrent.CompletableFuture$UniAccept.tryFire(CompletableFuture.java:714) ~[?:?]
	at java.util.concurrent.CompletableFuture.postComplete(CompletableFuture.java:510) ~[?:?]
	at java.util.concurrent.CompletableFuture.postFire(CompletableFuture.java:614) ~[?:?]
	at java.util.concurrent.CompletableFuture$UniAccept.tryFire(CompletableFuture.java:726) ~[?:?]
	at java.util.concurrent.CompletableFuture$Completion.run(CompletableFuture.java:482) ~[?:?]
	at net.minecraft.server.packs.resources.SimpleReloadInstance.lambda$new$3(SimpleReloadInstance.java:71) ~[?:?]
	at net.minecraft.server.packs.resources.SimpleReloadInstance.lambda$new$4(SimpleReloadInstance.java:70) ~[?:?]
	at java.util.concurrent.CompletableFuture$UniCompletion.claim(CompletableFuture.java:572) ~[?:?]
	at java.util.concurrent.CompletableFuture$UniAccept.tryFire(CompletableFuture.java:714) ~[?:?]
	at java.util.concurrent.CompletableFuture.postComplete(CompletableFuture.java:510) ~[?:?]
	at java.util.concurrent.CompletableFuture.postFire(CompletableFuture.java:614) ~[?:?]
	at java.util.concurrent.CompletableFuture$UniAccept.tryFire(CompletableFuture.java:726) ~[?:?]
	at java.util.concurrent.CompletableFuture$Completion.run(CompletableFuture.java:482) ~[?:?]
	at net.minecraft.server.packs.resources.SimpleReloadInstance.lambda$new$3(SimpleReloadInstance.java:71) ~[?:?]
	at net.minecraft.server.packs.resources.SimpleReloadInstance.lambda$new$4(SimpleReloadInstance.java:70) ~[?:?]
	at java.util.concurrent.CompletableFuture$UniCompletion.claim(CompletableFuture.java:572) ~[?:?]
	at java.util.concurrent.CompletableFuture$UniAccept.tryFire(CompletableFuture.java:714) ~[?:?]
	at java.util.concurrent.CompletableFuture.postComplete(CompletableFuture.java:510) ~[?:?]
	at java.util.concurrent.CompletableFuture.postFire(CompletableFuture.java:614) ~[?:?]
	at java.util.concurrent.CompletableFuture$UniAccept.tryFire(CompletableFuture.java:726) ~[?:?]
	at java.util.concurrent.CompletableFuture$Completion.run(CompletableFuture.java:482) ~[?:?]
	at net.minecraft.server.packs.resources.SimpleReloadInstance.lambda$new$3(SimpleReloadInstance.java:71) ~[?:?]
	at net.minecraft.server.packs.resources.SimpleReloadInstance.lambda$new$4(SimpleReloadInstance.java:70) ~[?:?]
	at java.util.concurrent.CompletableFuture$UniCompletion.claim(CompletableFuture.java:572) ~[?:?]
	at java.util.concurrent.CompletableFuture$UniAccept.tryFire(CompletableFuture.java:714) ~[?:?]
	at java.util.concurrent.CompletableFuture.postComplete(CompletableFuture.java:510) ~[?:?]
	at java.util.concurrent.CompletableFuture.complete(CompletableFuture.java:2147) ~[?:?]
	at net.minecraft.server.packs.resources.SimpleReloadInstance$1.lambda$wait$0(SimpleReloadInstance.java:53) ~[?:?]
	at net.minecraft.server.packs.resources.SimpleReloadInstance$1.wait(SimpleReloadInstance.java:50) ~[?:?]
	at java.util.concurrent.CompletableFuture$UniCompose.tryFire(CompletableFuture.java:1150) ~[?:?]
	at java.util.concurrent.CompletableFuture.postComplete(CompletableFuture.java:510) ~[?:?]
	at java.util.concurrent.CompletableFuture$AsyncSupply.run(CompletableFuture.java:1773) ~[?:?]
	at java.util.concurrent.ThreadPoolExecutor.runWorker(ThreadPoolExecutor.java:1136) ~[?:?]
	at java.util.concurrent.ThreadPoolExecutor$Worker.run(ThreadPoolExecutor.java:635) ~[?:?]
	at java.lang.Thread.run(Thread.java:833) ~[?:?]
[12:06:46] [Server thread/INFO]: Starting minecraft server version 1.18.1
[12:06:46] [Server thread/INFO]: Loading properties
[12:06:46] [Server thread/INFO]: This server is running Paper version git-Paper-82 (MC: 1.18.1) (Implementing API version 1.18.1-R0.1-SNAPSHOT) (Git: 8c5be16)
[12:06:46] [Server thread/INFO]: Server Ping Player Sample Count: 12
[12:06:46] [Server thread/INFO]: Using 4 threads for Netty based IO
[12:06:46] [Server thread/WARN]: You specified a resource pack without providing a sha1 hash. Pack will be updated on the client only if you change the name of the pack.
[12:06:46] [Server thread/INFO]: Default game type: SURVIVAL
[12:06:46] [Server thread/INFO]: Generating keypair
[12:06:46] [Server thread/INFO]: Starting Minecraft server on *:25565
[12:06:46] [Server thread/INFO]: Using epoll channel type
[12:06:46] [Server thread/INFO]: Paper: Using libdeflate (Linux x86_64) compression from Velocity.
[12:06:46] [Server thread/INFO]: Paper: Using OpenSSL 1.1.x (Linux x86_64) cipher from Velocity.
[12:06:46] [Server thread/ERROR]: Ambiguous plugin name `OreTools' for files `plugins/ItemHolo.jar' and `plugins/OreTools.jar' in `plugins'
[12:06:47] [Server thread/ERROR]: [STDERR] [org.bukkit.craftbukkit.v1_18_R1.legacy.CraftLegacy] Initializing Legacy Material Support. Unless you have legacy plugins and/or data this is a bug!
[12:06:50] [Server thread/WARN]: Legacy plugin FarmTools v0.1 does not specify an api-version.
[12:06:50] [Server thread/WARN]: Legacy plugin OreTools v0.1 does not specify an api-version.
[12:06:50] [Server thread/WARN]: Legacy plugin TeerutAll v0.1 does not specify an api-version.
[12:06:50] [Server thread/WARN]: Legacy plugin LightChecker v0.1 does not specify an api-version.
[12:06:50] [Server thread/INFO]: [LuckPerms] Loading LuckPerms v5.3.86
[12:06:50] [Server thread/INFO]: [SkinsRestorer] Loading SkinsRestorer v14.1.10
[12:06:50] [Server thread/INFO]: [FarmTools] Loading FarmTools v0.1
[12:06:50] [Server thread/INFO]: [StackMob] Loading StackMob v5.7.3
[12:06:50] [Server thread/INFO]: [OreTools] Loading OreTools v0.1
[12:06:50] [Server thread/INFO]: [Vault] Loading Vault v1.7.3-b131
[12:06:50] [Server thread/INFO]: [TeerutAll] Loading TeerutAll v0.1
[12:06:50] [Server thread/INFO]: [LightChecker] Loading LightChecker v0.1
[12:06:50] [Server thread/INFO]: [WorldEdit] Loading WorldEdit v7.2.8+6008-1246d61
[12:06:51] [Server thread/INFO]: Got request to register class com.sk89q.worldedit.bukkit.BukkitServerInterface with WorldEdit [com.sk89q.worldedit.extension.platform.PlatformManager@3362c75f]
[12:06:51] [Server thread/INFO]: [LockettePro] Loading LockettePro v2.10.10
[12:06:51] [Server thread/INFO]: [Essentials] Loading Essentials v2.19.0
[12:06:51] [Server thread/INFO]: Server permissions file permissions.yml is empty, ignoring it
[12:06:51] [Server thread/INFO]: [LuckPerms] Enabling LuckPerms v5.3.86
[12:06:52] [Server thread/INFO]:         __    
[12:06:52] [Server thread/INFO]:   |    |__)   LuckPerms v5.3.86
[12:06:52] [Server thread/INFO]:   |___ |      Running on Bukkit - Paper
[12:06:52] [Server thread/INFO]: 
[12:06:52] [Server thread/INFO]: [LuckPerms] Loading configuration...
[12:06:52] [Server thread/INFO]: [LuckPerms] Loading storage provider... [H2]
[12:06:52] [Server thread/INFO]: [LuckPerms] Loading internal permission managers...
[12:06:53] [Server thread/INFO]: [LuckPerms] Performing initial data load...
[12:06:53] [Server thread/INFO]: [LuckPerms] Successfully enabled. (took 1451ms)
[12:06:53] [Server thread/INFO]: [Vault] Enabling Vault v1.7.3-b131
[12:06:53] [Server thread/WARN]: [Vault] Loaded class com.earth2me.essentials.api.Economy from Essentials v2.19.0 which is not a depend, softdepend or loadbefore of this plugin.
[12:06:53] [Server thread/INFO]: [Vault] [Economy] Essentials Economy found: Waiting
[12:06:53] [Server thread/INFO]: [Vault] [Permission] SuperPermissions loaded as backup permission system.
[12:06:53] [Server thread/INFO]: [Vault] Enabled Version 1.7.3-b131
[12:06:53] [Server thread/INFO]: [LuckPerms] Registered Vault permission & chat hook.
[12:06:53] [Server thread/INFO]: [WorldEdit] Enabling WorldEdit v7.2.8+6008-1246d61
[12:06:53] [Server thread/INFO]: Registering commands with com.sk89q.worldedit.bukkit.BukkitServerInterface
[12:06:53] [Server thread/INFO]: WEPIF: Vault detected! Using Vault for permissions
[12:06:53] [Server thread/INFO]: Using com.sk89q.worldedit.bukkit.adapter.impl.v1_18_R1.PaperweightAdapter as the Bukkit adapter
[12:06:54] [Server thread/WARN]: **** SERVER IS RUNNING IN OFFLINE/INSECURE MODE!
[12:06:54] [Server thread/WARN]: The server will make no attempt to authenticate usernames. Beware.
[12:06:54] [Server thread/WARN]: While this makes the game possible to play without internet access, it also opens up the ability for hackers to connect with any username they choose.
[12:06:54] [Server thread/WARN]: To change this, set "online-mode" to "true" in the server.properties file.
[12:06:54] [Server thread/INFO]: Preparing level "world"
[12:06:55] [Server thread/INFO]: Preparing start region for dimension minecraft:overworld
[12:06:55] [Server thread/INFO]: Time elapsed: 242 ms
[12:06:55] [Server thread/INFO]: Preparing start region for dimension minecraft:the_nether
[12:06:55] [Server thread/INFO]: Time elapsed: 102 ms
[12:06:55] [Server thread/INFO]: Preparing start region for dimension minecraft:the_end
[12:06:55] [Server thread/INFO]: Time elapsed: 98 ms
[12:06:55] [Server thread/INFO]: [SkinsRestorer] Enabling SkinsRestorer v14.1.10
[12:06:55] [Server thread/INFO]: [SkinsRestorer] Using PaperSkinRefresher
[12:06:55] [Server thread/INFO]: [SkinsRestorer] Detected Minecraft v1_18_R1, using PaperSkinRefresher.
[12:06:56] [Server thread/INFO]: [SkinsRestorer] [ACF] Enabled Asynchronous Tab Completion Support!
[12:06:59] [Server thread/INFO]: [FarmTools] Enabling FarmTools v0.1*
[12:06:59] [Server thread/INFO]: [FarmTools] [STDOUT] FarmTools : onEnable
[12:06:59] [Server thread/WARN]: Nag author(s): '[]' of 'FarmTools' about their usage of System.out/err.print. Please use your plugin's logger instead (JavaPlugin#getLogger).
[12:06:59] [Server thread/ERROR]: Fatal error trying to convert FarmTools v0.1:com/teerut/FarmTools/FarmToolsEvent.class
org.bukkit.plugin.AuthorNagException: No legacy enum constant for FARMLAND. Did you forget to define a modern (1.13+) api-version in your plugin.yml?
	at org.bukkit.craftbukkit.v1_18_R1.util.Commodore$1$1.visitFieldInsn(Commodore.java:360) ~[paper-1.18.1.jar:git-Paper-82]
	at org.objectweb.asm.ClassReader.readCode(ClassReader.java:2444) ~[asm-9.2.jar:9.2]
	at org.objectweb.asm.ClassReader.readMethod(ClassReader.java:1514) ~[asm-9.2.jar:9.2]
	at org.objectweb.asm.ClassReader.accept(ClassReader.java:744) ~[asm-9.2.jar:9.2]
	at org.objectweb.asm.ClassReader.accept(ClassReader.java:424) ~[asm-9.2.jar:9.2]
	at org.bukkit.craftbukkit.v1_18_R1.util.Commodore.convert(Commodore.java:174) ~[paper-1.18.1.jar:git-Paper-82]
	at org.bukkit.craftbukkit.v1_18_R1.util.CraftMagicNumbers.processClass(CraftMagicNumbers.java:381) ~[paper-1.18.1.jar:git-Paper-82]
	at org.bukkit.plugin.java.PluginClassLoader.findClass(PluginClassLoader.java:174) ~[paper-api-1.18.1-R0.1-SNAPSHOT.jar:?]
	at java.lang.ClassLoader.loadClass(ClassLoader.java:587) ~[?:?]
	at org.bukkit.plugin.java.PluginClassLoader.loadClass0(PluginClassLoader.java:108) ~[paper-api-1.18.1-R0.1-SNAPSHOT.jar:?]
	at org.bukkit.plugin.java.PluginClassLoader.loadClass(PluginClassLoader.java:103) ~[paper-api-1.18.1-R0.1-SNAPSHOT.jar:?]
	at java.lang.ClassLoader.loadClass(ClassLoader.java:520) ~[?:?]
	at com.teerut.FarmTools.FarmTools.onEnable(FarmTools.java:15) ~[Farmtools.jar:?]
	at org.bukkit.plugin.java.JavaPlugin.setEnabled(JavaPlugin.java:264) ~[paper-api-1.18.1-R0.1-SNAPSHOT.jar:?]
	at org.bukkit.plugin.java.JavaPluginLoader.enablePlugin(JavaPluginLoader.java:370) ~[paper-api-1.18.1-R0.1-SNAPSHOT.jar:?]
	at org.bukkit.plugin.SimplePluginManager.enablePlugin(SimplePluginManager.java:500) ~[paper-api-1.18.1-R0.1-SNAPSHOT.jar:?]
	at org.bukkit.craftbukkit.v1_18_R1.CraftServer.enablePlugin(CraftServer.java:563) ~[paper-1.18.1.jar:git-Paper-82]
	at org.bukkit.craftbukkit.v1_18_R1.CraftServer.enablePlugins(CraftServer.java:477) ~[paper-1.18.1.jar:git-Paper-82]
	at net.minecraft.server.MinecraftServer.loadWorld0(MinecraftServer.java:727) ~[paper-1.18.1.jar:git-Paper-82]
	at net.minecraft.server.MinecraftServer.loadLevel(MinecraftServer.java:503) ~[paper-1.18.1.jar:git-Paper-82]
	at net.minecraft.server.dedicated.DedicatedServer.initServer(DedicatedServer.java:313) ~[paper-1.18.1.jar:git-Paper-82]
	at net.minecraft.server.MinecraftServer.runServer(MinecraftServer.java:1202) ~[paper-1.18.1.jar:git-Paper-82]
	at net.minecraft.server.MinecraftServer.lambda$spin$0(MinecraftServer.java:317) ~[paper-1.18.1.jar:git-Paper-82]
	at java.lang.Thread.run(Thread.java:833) ~[?:?]
[12:06:59] [Server thread/ERROR]: Fatal error trying to convert FarmTools v0.1:com/teerut/FarmTools/Funtion.class
org.bukkit.plugin.AuthorNagException: No legacy enum constant for FARMLAND. Did you forget to define a modern (1.13+) api-version in your plugin.yml?
	at org.bukkit.craftbukkit.v1_18_R1.util.Commodore$1$1.visitFieldInsn(Commodore.java:360) ~[paper-1.18.1.jar:git-Paper-82]
	at org.objectweb.asm.ClassReader.readCode(ClassReader.java:2444) ~[asm-9.2.jar:9.2]
	at org.objectweb.asm.ClassReader.readMethod(ClassReader.java:1514) ~[asm-9.2.jar:9.2]
	at org.objectweb.asm.ClassReader.accept(ClassReader.java:744) ~[asm-9.2.jar:9.2]
	at org.objectweb.asm.ClassReader.accept(ClassReader.java:424) ~[asm-9.2.jar:9.2]
	at org.bukkit.craftbukkit.v1_18_R1.util.Commodore.convert(Commodore.java:174) ~[paper-1.18.1.jar:git-Paper-82]
	at org.bukkit.craftbukkit.v1_18_R1.util.CraftMagicNumbers.processClass(CraftMagicNumbers.java:381) ~[paper-1.18.1.jar:git-Paper-82]
	at org.bukkit.plugin.java.PluginClassLoader.findClass(PluginClassLoader.java:174) ~[paper-api-1.18.1-R0.1-SNAPSHOT.jar:?]
	at java.lang.ClassLoader.loadClass(ClassLoader.java:587) ~[?:?]
	at org.bukkit.plugin.java.PluginClassLoader.loadClass0(PluginClassLoader.java:108) ~[paper-api-1.18.1-R0.1-SNAPSHOT.jar:?]
	at org.bukkit.plugin.java.PluginClassLoader.loadClass(PluginClassLoader.java:103) ~[paper-api-1.18.1-R0.1-SNAPSHOT.jar:?]
	at java.lang.ClassLoader.loadClass(ClassLoader.java:520) ~[?:?]
	at com.teerut.FarmTools.FarmToolsEvent.<init>(FarmToolsEvent.java:16) ~[Farmtools.jar:?]
	at com.teerut.FarmTools.FarmTools.onEnable(FarmTools.java:15) ~[Farmtools.jar:?]
	at org.bukkit.plugin.java.JavaPlugin.setEnabled(JavaPlugin.java:264) ~[paper-api-1.18.1-R0.1-SNAPSHOT.jar:?]
	at org.bukkit.plugin.java.JavaPluginLoader.enablePlugin(JavaPluginLoader.java:370) ~[paper-api-1.18.1-R0.1-SNAPSHOT.jar:?]
	at org.bukkit.plugin.SimplePluginManager.enablePlugin(SimplePluginManager.java:500) ~[paper-api-1.18.1-R0.1-SNAPSHOT.jar:?]
	at org.bukkit.craftbukkit.v1_18_R1.CraftServer.enablePlugin(CraftServer.java:563) ~[paper-1.18.1.jar:git-Paper-82]
	at org.bukkit.craftbukkit.v1_18_R1.CraftServer.enablePlugins(CraftServer.java:477) ~[paper-1.18.1.jar:git-Paper-82]
	at net.minecraft.server.MinecraftServer.loadWorld0(MinecraftServer.java:727) ~[paper-1.18.1.jar:git-Paper-82]
	at net.minecraft.server.MinecraftServer.loadLevel(MinecraftServer.java:503) ~[paper-1.18.1.jar:git-Paper-82]
	at net.minecraft.server.dedicated.DedicatedServer.initServer(DedicatedServer.java:313) ~[paper-1.18.1.jar:git-Paper-82]
	at net.minecraft.server.MinecraftServer.runServer(MinecraftServer.java:1202) ~[paper-1.18.1.jar:git-Paper-82]
	at net.minecraft.server.MinecraftServer.lambda$spin$0(MinecraftServer.java:317) ~[paper-1.18.1.jar:git-Paper-82]
	at java.lang.Thread.run(Thread.java:833) ~[?:?]
[12:06:59] [Server thread/ERROR]: Fatal error trying to convert FarmTools v0.1:com/teerut/FarmTools/ItemAllow.class
org.bukkit.plugin.AuthorNagException: No legacy enum constant for WHEAT_SEEDS. Did you forget to define a modern (1.13+) api-version in your plugin.yml?
	at org.bukkit.craftbukkit.v1_18_R1.util.Commodore$1$1.visitFieldInsn(Commodore.java:360) ~[paper-1.18.1.jar:git-Paper-82]
	at org.objectweb.asm.ClassReader.readCode(ClassReader.java:2444) ~[asm-9.2.jar:9.2]
	at org.objectweb.asm.ClassReader.readMethod(ClassReader.java:1514) ~[asm-9.2.jar:9.2]
	at org.objectweb.asm.ClassReader.accept(ClassReader.java:744) ~[asm-9.2.jar:9.2]
	at org.objectweb.asm.ClassReader.accept(ClassReader.java:424) ~[asm-9.2.jar:9.2]
	at org.bukkit.craftbukkit.v1_18_R1.util.Commodore.convert(Commodore.java:174) ~[paper-1.18.1.jar:git-Paper-82]
	at org.bukkit.craftbukkit.v1_18_R1.util.CraftMagicNumbers.processClass(CraftMagicNumbers.java:381) ~[paper-1.18.1.jar:git-Paper-82]
	at org.bukkit.plugin.java.PluginClassLoader.findClass(PluginClassLoader.java:174) ~[paper-api-1.18.1-R0.1-SNAPSHOT.jar:?]
	at java.lang.ClassLoader.loadClass(ClassLoader.java:587) ~[?:?]
	at org.bukkit.plugin.java.PluginClassLoader.loadClass0(PluginClassLoader.java:108) ~[paper-api-1.18.1-R0.1-SNAPSHOT.jar:?]
	at org.bukkit.plugin.java.PluginClassLoader.loadClass(PluginClassLoader.java:103) ~[paper-api-1.18.1-R0.1-SNAPSHOT.jar:?]
	at java.lang.ClassLoader.loadClass(ClassLoader.java:520) ~[?:?]
	at com.teerut.FarmTools.Funtion.<init>(Funtion.java:13) ~[Farmtools.jar:?]
	at com.teerut.FarmTools.FarmToolsEvent.<init>(FarmToolsEvent.java:16) ~[Farmtools.jar:?]
	at com.teerut.FarmTools.FarmTools.onEnable(FarmTools.java:15) ~[Farmtools.jar:?]
	at org.bukkit.plugin.java.JavaPlugin.setEnabled(JavaPlugin.java:264) ~[paper-api-1.18.1-R0.1-SNAPSHOT.jar:?]
	at org.bukkit.plugin.java.JavaPluginLoader.enablePlugin(JavaPluginLoader.java:370) ~[paper-api-1.18.1-R0.1-SNAPSHOT.jar:?]
	at org.bukkit.plugin.SimplePluginManager.enablePlugin(SimplePluginManager.java:500) ~[paper-api-1.18.1-R0.1-SNAPSHOT.jar:?]
	at org.bukkit.craftbukkit.v1_18_R1.CraftServer.enablePlugin(CraftServer.java:563) ~[paper-1.18.1.jar:git-Paper-82]
	at org.bukkit.craftbukkit.v1_18_R1.CraftServer.enablePlugins(CraftServer.java:477) ~[paper-1.18.1.jar:git-Paper-82]
	at net.minecraft.server.MinecraftServer.loadWorld0(MinecraftServer.java:727) ~[paper-1.18.1.jar:git-Paper-82]
	at net.minecraft.server.MinecraftServer.loadLevel(MinecraftServer.java:503) ~[paper-1.18.1.jar:git-Paper-82]
	at net.minecraft.server.dedicated.DedicatedServer.initServer(DedicatedServer.java:313) ~[paper-1.18.1.jar:git-Paper-82]
	at net.minecraft.server.MinecraftServer.runServer(MinecraftServer.java:1202) ~[paper-1.18.1.jar:git-Paper-82]
	at net.minecraft.server.MinecraftServer.lambda$spin$0(MinecraftServer.java:317) ~[paper-1.18.1.jar:git-Paper-82]
	at java.lang.Thread.run(Thread.java:833) ~[?:?]
[12:06:59] [Server thread/ERROR]: Fatal error trying to convert FarmTools v0.1:com/teerut/FarmTools/handle/CustomItemHandle.class
org.bukkit.plugin.AuthorNagException: No legacy enum constant for WHEAT_SEEDS. Did you forget to define a modern (1.13+) api-version in your plugin.yml?
	at org.bukkit.craftbukkit.v1_18_R1.util.Commodore$1$1.visitFieldInsn(Commodore.java:360) ~[paper-1.18.1.jar:git-Paper-82]
	at org.objectweb.asm.ClassReader.readCode(ClassReader.java:2444) ~[asm-9.2.jar:9.2]
	at org.objectweb.asm.ClassReader.readMethod(ClassReader.java:1514) ~[asm-9.2.jar:9.2]
	at org.objectweb.asm.ClassReader.accept(ClassReader.java:744) ~[asm-9.2.jar:9.2]
	at org.objectweb.asm.ClassReader.accept(ClassReader.java:424) ~[asm-9.2.jar:9.2]
	at org.bukkit.craftbukkit.v1_18_R1.util.Commodore.convert(Commodore.java:174) ~[paper-1.18.1.jar:git-Paper-82]
	at org.bukkit.craftbukkit.v1_18_R1.util.CraftMagicNumbers.processClass(CraftMagicNumbers.java:381) ~[paper-1.18.1.jar:git-Paper-82]
	at org.bukkit.plugin.java.PluginClassLoader.findClass(PluginClassLoader.java:174) ~[paper-api-1.18.1-R0.1-SNAPSHOT.jar:?]
	at java.lang.ClassLoader.loadClass(ClassLoader.java:587) ~[?:?]
	at org.bukkit.plugin.java.PluginClassLoader.loadClass0(PluginClassLoader.java:108) ~[paper-api-1.18.1-R0.1-SNAPSHOT.jar:?]
	at org.bukkit.plugin.java.PluginClassLoader.loadClass(PluginClassLoader.java:103) ~[paper-api-1.18.1-R0.1-SNAPSHOT.jar:?]
	at java.lang.ClassLoader.loadClass(ClassLoader.java:520) ~[?:?]
	at com.teerut.FarmTools.FarmTools.onEnable(FarmTools.java:17) ~[Farmtools.jar:?]
	at org.bukkit.plugin.java.JavaPlugin.setEnabled(JavaPlugin.java:264) ~[paper-api-1.18.1-R0.1-SNAPSHOT.jar:?]
	at org.bukkit.plugin.java.JavaPluginLoader.enablePlugin(JavaPluginLoader.java:370) ~[paper-api-1.18.1-R0.1-SNAPSHOT.jar:?]
	at org.bukkit.plugin.SimplePluginManager.enablePlugin(SimplePluginManager.java:500) ~[paper-api-1.18.1-R0.1-SNAPSHOT.jar:?]
	at org.bukkit.craftbukkit.v1_18_R1.CraftServer.enablePlugin(CraftServer.java:563) ~[paper-1.18.1.jar:git-Paper-82]
	at org.bukkit.craftbukkit.v1_18_R1.CraftServer.enablePlugins(CraftServer.java:477) ~[paper-1.18.1.jar:git-Paper-82]
	at net.minecraft.server.MinecraftServer.loadWorld0(MinecraftServer.java:727) ~[paper-1.18.1.jar:git-Paper-82]
	at net.minecraft.server.MinecraftServer.loadLevel(MinecraftServer.java:503) ~[paper-1.18.1.jar:git-Paper-82]
	at net.minecraft.server.dedicated.DedicatedServer.initServer(DedicatedServer.java:313) ~[paper-1.18.1.jar:git-Paper-82]
	at net.minecraft.server.MinecraftServer.runServer(MinecraftServer.java:1202) ~[paper-1.18.1.jar:git-Paper-82]
	at net.minecraft.server.MinecraftServer.lambda$spin$0(MinecraftServer.java:317) ~[paper-1.18.1.jar:git-Paper-82]
	at java.lang.Thread.run(Thread.java:833) ~[?:?]
[12:06:59] [Server thread/WARN]: java.lang.Throwable: Warning: A plugin is creating a recipe using a Deprecated method. This will cause you to receive warnings stating 'Tried to load unrecognized recipe: bukkit:<ID>'. Please ask the author to give their recipe a static key using NamespacedKey.
[12:06:59] [Server thread/WARN]: 	at org.bukkit.inventory.ShapedRecipe.<init>(ShapedRecipe.java:28)
[12:06:59] [Server thread/WARN]: 	at Farmtools.jar//com.teerut.FarmTools.handle.CustomItemHandle.<init>(CustomItemHandle.java:13)
[12:06:59] [Server thread/WARN]: 	at Farmtools.jar//com.teerut.FarmTools.FarmTools.onEnable(FarmTools.java:17)
[12:06:59] [Server thread/WARN]: 	at org.bukkit.plugin.java.JavaPlugin.setEnabled(JavaPlugin.java:264)
[12:06:59] [Server thread/WARN]: 	at org.bukkit.plugin.java.JavaPluginLoader.enablePlugin(JavaPluginLoader.java:370)
[12:06:59] [Server thread/WARN]: 	at org.bukkit.plugin.SimplePluginManager.enablePlugin(SimplePluginManager.java:500)
[12:06:59] [Server thread/WARN]: 	at org.bukkit.craftbukkit.v1_18_R1.CraftServer.enablePlugin(CraftServer.java:563)
[12:06:59] [Server thread/WARN]: 	at org.bukkit.craftbukkit.v1_18_R1.CraftServer.enablePlugins(CraftServer.java:477)
[12:06:59] [Server thread/WARN]: 	at net.minecraft.server.MinecraftServer.loadWorld0(MinecraftServer.java:727)
[12:06:59] [Server thread/WARN]: 	at net.minecraft.server.MinecraftServer.loadLevel(MinecraftServer.java:503)
[12:06:59] [Server thread/WARN]: 	at net.minecraft.server.dedicated.DedicatedServer.e(DedicatedServer.java:313)
[12:06:59] [Server thread/WARN]: 	at net.minecraft.server.MinecraftServer.w(MinecraftServer.java:1202)
[12:06:59] [Server thread/WARN]: 	at net.minecraft.server.MinecraftServer.lambda$spin$0(MinecraftServer.java:317)
[12:06:59] [Server thread/WARN]: 	at java.base/java.lang.Thread.run(Thread.java:833)
[12:06:59] [Server thread/INFO]: [StackMob] Enabling StackMob v5.7.3
[12:06:59] [Server thread/INFO]: [StackMob] StackMob v5.7.3 by antiPerson and contributors.
[12:06:59] [Server thread/INFO]: [StackMob] GitHub: https://github.com/Nathat23/StackMob-5 Discord: https://discord.gg/fz9xzuB
[12:06:59] [Server thread/INFO]: [StackMob] Loading config files...
[12:06:59] [Server thread/INFO]: [StackMob] Registering hooks and trait checks...
[12:06:59] [Server thread/INFO]: [StackMob] Registering events, commands and tasks...
[12:06:59] [Server thread/INFO]: [OreTools] Enabling OreTools v0.1*
[12:06:59] [Server thread/INFO]: Ore Tools : Enable
[12:06:59] [Server thread/ERROR]: Fatal error trying to convert OreTools v0.1:com/teerut/oretools/listener.class
org.bukkit.plugin.AuthorNagException: No legacy enum constant for DIORITE. Did you forget to define a modern (1.13+) api-version in your plugin.yml?
	at org.bukkit.craftbukkit.v1_18_R1.util.Commodore$1$1.visitFieldInsn(Commodore.java:360) ~[paper-1.18.1.jar:git-Paper-82]
	at org.objectweb.asm.ClassReader.readCode(ClassReader.java:2444) ~[asm-9.2.jar:9.2]
	at org.objectweb.asm.ClassReader.readMethod(ClassReader.java:1514) ~[asm-9.2.jar:9.2]
	at org.objectweb.asm.ClassReader.accept(ClassReader.java:744) ~[asm-9.2.jar:9.2]
	at org.objectweb.asm.ClassReader.accept(ClassReader.java:424) ~[asm-9.2.jar:9.2]
	at org.bukkit.craftbukkit.v1_18_R1.util.Commodore.convert(Commodore.java:174) ~[paper-1.18.1.jar:git-Paper-82]
	at org.bukkit.craftbukkit.v1_18_R1.util.CraftMagicNumbers.processClass(CraftMagicNumbers.java:381) ~[paper-1.18.1.jar:git-Paper-82]
	at org.bukkit.plugin.java.PluginClassLoader.findClass(PluginClassLoader.java:174) ~[paper-api-1.18.1-R0.1-SNAPSHOT.jar:?]
	at java.lang.ClassLoader.loadClass(ClassLoader.java:587) ~[?:?]
	at org.bukkit.plugin.java.PluginClassLoader.loadClass0(PluginClassLoader.java:108) ~[paper-api-1.18.1-R0.1-SNAPSHOT.jar:?]
	at org.bukkit.plugin.java.PluginClassLoader.loadClass(PluginClassLoader.java:103) ~[paper-api-1.18.1-R0.1-SNAPSHOT.jar:?]
	at java.lang.ClassLoader.loadClass(ClassLoader.java:520) ~[?:?]
	at com.teerut.oretools.main.onEnable(main.java:20) ~[ItemHolo.jar:?]
	at org.bukkit.plugin.java.JavaPlugin.setEnabled(JavaPlugin.java:264) ~[paper-api-1.18.1-R0.1-SNAPSHOT.jar:?]
	at org.bukkit.plugin.java.JavaPluginLoader.enablePlugin(JavaPluginLoader.java:370) ~[paper-api-1.18.1-R0.1-SNAPSHOT.jar:?]
	at org.bukkit.plugin.SimplePluginManager.enablePlugin(SimplePluginManager.java:500) ~[paper-api-1.18.1-R0.1-SNAPSHOT.jar:?]
	at org.bukkit.craftbukkit.v1_18_R1.CraftServer.enablePlugin(CraftServer.java:563) ~[paper-1.18.1.jar:git-Paper-82]
	at org.bukkit.craftbukkit.v1_18_R1.CraftServer.enablePlugins(CraftServer.java:477) ~[paper-1.18.1.jar:git-Paper-82]
	at net.minecraft.server.MinecraftServer.loadWorld0(MinecraftServer.java:727) ~[paper-1.18.1.jar:git-Paper-82]
	at net.minecraft.server.MinecraftServer.loadLevel(MinecraftServer.java:503) ~[paper-1.18.1.jar:git-Paper-82]
	at net.minecraft.server.dedicated.DedicatedServer.initServer(DedicatedServer.java:313) ~[paper-1.18.1.jar:git-Paper-82]
	at net.minecraft.server.MinecraftServer.runServer(MinecraftServer.java:1202) ~[paper-1.18.1.jar:git-Paper-82]
	at net.minecraft.server.MinecraftServer.lambda$spin$0(MinecraftServer.java:317) ~[paper-1.18.1.jar:git-Paper-82]
	at java.lang.Thread.run(Thread.java:833) ~[?:?]
[12:06:59] [Server thread/INFO]: [TeerutAll] Enabling TeerutAll v0.1*
[12:06:59] [Server thread/ERROR]: Fatal error trying to convert TeerutAll v0.1:com/teerut/TeerutAll/ConcreteWater/ConcreteWaterEvent.class
org.bukkit.plugin.AuthorNagException: No legacy enum constant for WHITE_CONCRETE_POWDER. Did you forget to define a modern (1.13+) api-version in your plugin.yml?
	at org.bukkit.craftbukkit.v1_18_R1.util.Commodore$1$1.visitFieldInsn(Commodore.java:360) ~[paper-1.18.1.jar:git-Paper-82]
	at org.objectweb.asm.ClassReader.readCode(ClassReader.java:2444) ~[asm-9.2.jar:9.2]
	at org.objectweb.asm.ClassReader.readMethod(ClassReader.java:1514) ~[asm-9.2.jar:9.2]
	at org.objectweb.asm.ClassReader.accept(ClassReader.java:744) ~[asm-9.2.jar:9.2]
	at org.objectweb.asm.ClassReader.accept(ClassReader.java:424) ~[asm-9.2.jar:9.2]
	at org.bukkit.craftbukkit.v1_18_R1.util.Commodore.convert(Commodore.java:174) ~[paper-1.18.1.jar:git-Paper-82]
	at org.bukkit.craftbukkit.v1_18_R1.util.CraftMagicNumbers.processClass(CraftMagicNumbers.java:381) ~[paper-1.18.1.jar:git-Paper-82]
	at org.bukkit.plugin.java.PluginClassLoader.findClass(PluginClassLoader.java:174) ~[paper-api-1.18.1-R0.1-SNAPSHOT.jar:?]
	at java.lang.ClassLoader.loadClass(ClassLoader.java:587) ~[?:?]
	at org.bukkit.plugin.java.PluginClassLoader.loadClass0(PluginClassLoader.java:108) ~[paper-api-1.18.1-R0.1-SNAPSHOT.jar:?]
	at org.bukkit.plugin.java.PluginClassLoader.loadClass(PluginClassLoader.java:103) ~[paper-api-1.18.1-R0.1-SNAPSHOT.jar:?]
	at java.lang.ClassLoader.loadClass(ClassLoader.java:520) ~[?:?]
	at com.teerut.TeerutAll.Main.onEnable(Main.java:21) ~[TeerutAll.jar:?]
	at org.bukkit.plugin.java.JavaPlugin.setEnabled(JavaPlugin.java:264) ~[paper-api-1.18.1-R0.1-SNAPSHOT.jar:?]
	at org.bukkit.plugin.java.JavaPluginLoader.enablePlugin(JavaPluginLoader.java:370) ~[paper-api-1.18.1-R0.1-SNAPSHOT.jar:?]
	at org.bukkit.plugin.SimplePluginManager.enablePlugin(SimplePluginManager.java:500) ~[paper-api-1.18.1-R0.1-SNAPSHOT.jar:?]
	at org.bukkit.craftbukkit.v1_18_R1.CraftServer.enablePlugin(CraftServer.java:563) ~[paper-1.18.1.jar:git-Paper-82]
	at org.bukkit.craftbukkit.v1_18_R1.CraftServer.enablePlugins(CraftServer.java:477) ~[paper-1.18.1.jar:git-Paper-82]
	at net.minecraft.server.MinecraftServer.loadWorld0(MinecraftServer.java:727) ~[paper-1.18.1.jar:git-Paper-82]
	at net.minecraft.server.MinecraftServer.loadLevel(MinecraftServer.java:503) ~[paper-1.18.1.jar:git-Paper-82]
	at net.minecraft.server.dedicated.DedicatedServer.initServer(DedicatedServer.java:313) ~[paper-1.18.1.jar:git-Paper-82]
	at net.minecraft.server.MinecraftServer.runServer(MinecraftServer.java:1202) ~[paper-1.18.1.jar:git-Paper-82]
	at net.minecraft.server.MinecraftServer.lambda$spin$0(MinecraftServer.java:317) ~[paper-1.18.1.jar:git-Paper-82]
	at java.lang.Thread.run(Thread.java:833) ~[?:?]
[12:07:00] [Server thread/INFO]: [TeerutAll] [STDOUT] [TeerutAll] : onEnable
[12:07:00] [Server thread/WARN]: Nag author(s): '[]' of 'TeerutAll' about their usage of System.out/err.print. Please use your plugin's logger instead (JavaPlugin#getLogger).
[12:07:00] [Server thread/INFO]: [LightChecker] Enabling LightChecker v0.1*
[12:07:00] [Server thread/INFO]: [LightChecker] [STDOUT] LightChecker : onEnable
[12:07:00] [Server thread/WARN]: Nag author(s): '[]' of 'LightChecker' about their usage of System.out/err.print. Please use your plugin's logger instead (JavaPlugin#getLogger).
[12:07:00] [Server thread/WARN]: java.lang.Throwable: Warning: A plugin is creating a recipe using a Deprecated method. This will cause you to receive warnings stating 'Tried to load unrecognized recipe: bukkit:<ID>'. Please ask the author to give their recipe a static key using NamespacedKey.
[12:07:00] [Server thread/WARN]: 	at org.bukkit.inventory.ShapedRecipe.<init>(ShapedRecipe.java:28)
[12:07:00] [Server thread/WARN]: 	at LightChecker.jar//com.teerut.LightChecker.handle.CustomItemHandle.<init>(CustomItemHandle.java:13)
[12:07:00] [Server thread/WARN]: 	at LightChecker.jar//com.teerut.LightChecker.LightChecker.onEnable(LightChecker.java:16)
[12:07:00] [Server thread/WARN]: 	at org.bukkit.plugin.java.JavaPlugin.setEnabled(JavaPlugin.java:264)
[12:07:00] [Server thread/WARN]: 	at org.bukkit.plugin.java.JavaPluginLoader.enablePlugin(JavaPluginLoader.java:370)
[12:07:00] [Server thread/WARN]: 	at org.bukkit.plugin.SimplePluginManager.enablePlugin(SimplePluginManager.java:500)
[12:07:00] [Server thread/WARN]: 	at org.bukkit.craftbukkit.v1_18_R1.CraftServer.enablePlugin(CraftServer.java:563)
[12:07:00] [Server thread/WARN]: 	at org.bukkit.craftbukkit.v1_18_R1.CraftServer.enablePlugins(CraftServer.java:477)
[12:07:00] [Server thread/WARN]: 	at net.minecraft.server.MinecraftServer.loadWorld0(MinecraftServer.java:727)
[12:07:00] [Server thread/WARN]: 	at net.minecraft.server.MinecraftServer.loadLevel(MinecraftServer.java:503)
[12:07:00] [Server thread/WARN]: 	at net.minecraft.server.dedicated.DedicatedServer.e(DedicatedServer.java:313)
[12:07:00] [Server thread/WARN]: 	at net.minecraft.server.MinecraftServer.w(MinecraftServer.java:1202)
[12:07:00] [Server thread/WARN]: 	at net.minecraft.server.MinecraftServer.lambda$spin$0(MinecraftServer.java:317)
[12:07:00] [Server thread/WARN]: 	at java.base/java.lang.Thread.run(Thread.java:833)
[12:07:00] [Server thread/INFO]: [LockettePro] Enabling LockettePro v2.10.10
[12:07:00] [Server thread/INFO]: [LockettePro] Incompatible server version detected: 1.18.1 . Trying to run into 1.16 compatibility mode!
[12:07:00] [Server thread/INFO]: [LockettePro] ===================================
[12:07:00] [Server thread/INFO]: [Essentials] Enabling Essentials v2.19.0
[12:07:00] [Server thread/ERROR]: [Essentials] You are running an unsupported server version!
[12:07:00] [ForkJoinPool.commonPool-worker-1/INFO]: [StackMob] No update is currently available.
[12:07:00] [Server thread/INFO]: [Essentials] Attempting to convert old kits in config.yml to new kits.yml
[12:07:00] [Server thread/INFO]: [Essentials] No kits found to migrate.
[12:07:00] [Server thread/INFO]: [Essentials] Loaded 36837 items from items.json.
[12:07:00] [Server thread/INFO]: [Essentials] Using locale en_US
[12:07:00] [Server thread/INFO]: [Essentials] ServerListPingEvent: Spigot iterator API
[12:07:00] [Server thread/INFO]: [Essentials] Starting Metrics. Opt-out using the global bStats config.
[12:07:00] [Server thread/INFO]: [Vault] [Economy] Essentials Economy hooked.
[12:07:00] [Server thread/INFO]: [Essentials] Using Vault based permissions (LuckPerms)
[12:07:00] [Server thread/INFO]: Starting remote control listener
[12:07:00] [Server thread/INFO]: Thread RCON Listener started
[12:07:00] [Server thread/INFO]: RCON running on 0.0.0.0:25575
[12:07:00] [Server thread/INFO]: Running delayed init tasks
[12:07:00] [Craft Scheduler Thread - 0 - Essentials/INFO]: [Essentials] Fetching version information...
[12:07:00] [Server thread/INFO]: [Essentials] Essentials found a compatible payment resolution method: Vault Compatibility Layer (v1.7.3-b131)!
[12:07:00] [Server thread/INFO]: Done (14.705s)! For help, type "help"
[12:07:00] [Server thread/INFO]: Timings Reset
[12:07:00] [Craft Scheduler Thread - 1 - Vault/INFO]: [Vault] Checking for Updates ... 
[12:07:00] [Craft Scheduler Thread - 3 - SkinsRestorer/INFO]: [SkinsRestorer] ----------------------------------------------
[12:07:00] [Craft Scheduler Thread - 3 - SkinsRestorer/INFO]: [SkinsRestorer]     +==================+
[12:07:00] [Craft Scheduler Thread - 3 - SkinsRestorer/INFO]: [SkinsRestorer]     |   SkinsRestorer  |
[12:07:00] [Craft Scheduler Thread - 3 - SkinsRestorer/INFO]: [SkinsRestorer]     |------------------|
[12:07:00] [Craft Scheduler Thread - 3 - SkinsRestorer/INFO]: [SkinsRestorer]     |  Standalone Mode |
[12:07:00] [Craft Scheduler Thread - 3 - SkinsRestorer/INFO]: [SkinsRestorer]     +==================+
[12:07:00] [Craft Scheduler Thread - 3 - SkinsRestorer/INFO]: [SkinsRestorer] ----------------------------------------------
[12:07:00] [Craft Scheduler Thread - 3 - SkinsRestorer/INFO]: [SkinsRestorer]     Current version: 14.1.10
[12:07:00] [Craft Scheduler Thread - 3 - SkinsRestorer/INFO]: [SkinsRestorer]     This is the latest version!
[12:07:00] [Craft Scheduler Thread - 3 - SkinsRestorer/INFO]: [SkinsRestorer] ----------------------------------------------
[12:07:01] [Craft Scheduler Thread - 1 - Vault/INFO]: [Vault] No new version available
[12:07:01] [Craft Scheduler Thread - 0 - Essentials/WARN]: [Essentials] There is a new EssentialsX version available for download: 2.19.2.
[12:07:01] [Craft Scheduler Thread - 0 - Essentials/WARN]: [Essentials] Download it here: https://essentialsx.net/downloads.html?branch=stable
[12:07:49] [Server thread/INFO]: Named entity EntityIronGolem['Iron Golem (2)'/696, uuid='07db3bf2-ad93-443d-bdd5-58c139dc3804', l='ServerLevel[world]', x=-135.70, y=74.00, z=556.30, cpos=[-9, 34], tl=418, v=true] died: Iron Golem (2) tried to swim in lava
[12:08:41] [Server thread/INFO]: Named entity EntityIronGolem['Iron Golem (2)'/709, uuid='b10dbdb3-607c-4052-aec0-f4ca8314b625', l='ServerLevel[world]', x=-135.70, y=74.00, z=555.50, cpos=[-9, 34], tl=460, v=true] died: Iron Golem (2) tried to swim in lava
[12:09:29] [Server thread/INFO]: Named entity EntityIronGolem['Iron Golem (2)'/755, uuid='6a32f630-b364-457e-b97e-43f38927d5ef', l='ServerLevel[world]', x=-135.70, y=74.00, z=556.30, cpos=[-9, 34], tl=418, v=true] died: Iron Golem (2) tried to swim in lava
[12:10:12] [Server thread/INFO]: Named entity EntityIronGolem['Iron Golem (3)'/765, uuid='1252eaef-8225-4a5b-898f-86cd7888f8d7', l='ServerLevel[world]', x=-137.30, y=74.00, z=554.70, cpos=[-9, 34], tl=475, v=true] died: Iron Golem (3) tried to swim in lava
[12:10:13] [Server thread/INFO]: Named entity EntityIronGolem['Iron Golem (2)'/770, uuid='3176bdc9-cbac-4538-885e-3aa944aa93df', l='ServerLevel[world]', x=-137.30, y=74.00, z=554.70, cpos=[-9, 34], tl=32, v=true] died: Iron Golem (2) tried to swim in lava
[12:11:13] [Server thread/INFO]: Named entity EntityIronGolem['Iron Golem (2)'/780, uuid='1c3e9145-132c-4bfa-9529-f15ea2d11587', l='ServerLevel[world]', x=-135.70, y=74.00, z=555.50, cpos=[-9, 34], tl=488, v=true] died: Iron Golem (2) tried to swim in lava
[12:12:42] [Server thread/INFO]: Named entity EntityIronGolem['Iron Golem (2)'/835, uuid='cbf44800-3c22-43a7-9102-653e4c368c25', l='ServerLevel[world]', x=-135.70, y=74.00, z=555.44, cpos=[-9, 34], tl=474, v=true] died: Iron Golem (2) tried to swim in lava
[12:13:25] [Server thread/INFO]: Named entity EntityIronGolem['Iron Golem (2)'/844, uuid='c13fc7bf-5d63-4af1-9764-732d2686b405', l='ServerLevel[world]', x=-137.30, y=74.00, z=555.50, cpos=[-9, 34], tl=446, v=true] died: Iron Golem (2) tried to swim in lava
[12:15:29] [Server thread/INFO]: Named entity EntityIronGolem['Iron Golem (2)'/906, uuid='d60b941e-3a16-4546-b8ad-caf5710f2efe', l='ServerLevel[world]', x=-135.70, y=74.00, z=556.30, cpos=[-9, 34], tl=513, v=true] died: Iron Golem (2) tried to swim in lava
[12:15:58] [Server thread/INFO]: Named entity EntityIronGolem['Iron Golem (2)'/914, uuid='57403fcb-33d1-4bee-94fa-d047ba5c3744', l='ServerLevel[world]', x=-137.30, y=74.00, z=555.50, cpos=[-9, 34], tl=488, v=true] died: Iron Golem (2) tried to swim in lava
[12:16:58] [Server thread/INFO]: Named entity EntityIronGolem['Iron Golem (3)'/965, uuid='134e9878-566a-4d43-9dc1-7bce845b8890', l='ServerLevel[world]', x=-136.39, y=74.00, z=554.70, cpos=[-9, 34], tl=492, v=true] died: Iron Golem (3) tried to swim in lava
[12:16:59] [Server thread/INFO]: Named entity EntityIronGolem['Iron Golem (2)'/971, uuid='aaa52eaa-5565-4cfa-a570-b27de19909f1', l='ServerLevel[world]', x=-136.39, y=74.00, z=554.70, cpos=[-9, 34], tl=32, v=true] died: Iron Golem (2) tried to swim in lava
[12:18:36] [Server thread/INFO]: Named entity EntityIronGolem['Iron Golem (3)'/999, uuid='ace73a58-7d60-4e01-bfe7-32aa7b4ace4f', l='ServerLevel[world]', x=-137.30, y=74.00, z=554.70, cpos=[-9, 34], tl=461, v=true] died: Iron Golem (3) tried to swim in lava
[12:18:38] [Server thread/INFO]: Named entity EntityIronGolem['Iron Golem (2)'/1004, uuid='0f4644a9-c466-4139-8d5c-885edb7cee0a', l='ServerLevel[world]', x=-137.30, y=74.00, z=554.70, cpos=[-9, 34], tl=32, v=true] died: Iron Golem (2) tried to swim in lava
[12:19:18] [Server thread/INFO]: Named entity EntityIronGolem['Iron Golem (2)'/1009, uuid='c066b7e9-31a8-4b35-916e-4ef063216b46', l='ServerLevel[world]', x=-137.30, y=74.00, z=556.30, cpos=[-9, 34], tl=491, v=true] died: Iron Golem (2) tried to swim in lava
[12:20:14] [Server thread/INFO]: Named entity EntityIronGolem['Iron Golem (2)'/1025, uuid='9bbd2a09-fdcf-4186-a440-660d85cb9bef', l='ServerLevel[world]', x=-135.70, y=74.00, z=554.70, cpos=[-9, 34], tl=418, v=true] died: Iron Golem (2) tried to swim in lava
[12:20:30] [Server thread/INFO]: Named entity EntityIronGolem['Iron Golem (2)'/1027, uuid='7bc0a7f4-8928-499b-aba4-79a020d74a5f', l='ServerLevel[world]', x=-135.70, y=74.00, z=554.70, cpos=[-9, 34], tl=433, v=true] died: Iron Golem (2) tried to swim in lava
[12:21:12] [Server thread/INFO]: Named entity EntityIronGolem['Iron Golem (3)'/1039, uuid='1e02ec99-096a-4985-8a9d-c69c91a773b6', l='ServerLevel[world]', x=-135.70, y=74.00, z=554.70, cpos=[-9, 34], tl=476, v=true] died: Iron Golem (3) tried to swim in lava
[12:21:14] [Server thread/INFO]: Named entity EntityIronGolem['Iron Golem (2)'/1046, uuid='c31fabea-f349-442c-ad31-017c3b471912', l='ServerLevel[world]', x=-135.70, y=74.00, z=554.70, cpos=[-9, 34], tl=32, v=true] died: Iron Golem (2) tried to swim in lava
[12:22:00] [Server thread/INFO]: Named entity EntityIronGolem['Iron Golem (3)'/1055, uuid='92c5dd4a-7998-45a2-98c9-03d72a83155b', l='ServerLevel[world]', x=-137.30, y=74.00, z=554.70, cpos=[-9, 34], tl=447, v=true] died: Iron Golem (3) tried to swim in lava
[12:22:02] [Server thread/INFO]: Named entity EntityIronGolem['Iron Golem (2)'/1059, uuid='c4acf907-726f-4603-bb2e-83cf7045e1c0', l='ServerLevel[world]', x=-137.30, y=74.00, z=554.70, cpos=[-9, 34], tl=32, v=true] died: Iron Golem (2) tried to swim in lava
[12:22:50] [Server thread/INFO]: Named entity EntityIronGolem['Iron Golem (3)'/1072, uuid='c854db0e-2c69-44d1-9d98-20c65d592e84', l='ServerLevel[world]', x=-136.50, y=74.00, z=554.70, cpos=[-9, 34], tl=431, v=true] died: Iron Golem (3) tried to swim in lava
[12:22:51] [Server thread/INFO]: Named entity EntityIronGolem['Iron Golem (2)'/1076, uuid='331073b2-cf22-45f8-96e1-51d4781a38d2', l='ServerLevel[world]', x=-136.50, y=74.00, z=554.70, cpos=[-9, 34], tl=32, v=true] died: Iron Golem (2) tried to swim in lava
[12:23:48] [Server thread/INFO]: Named entity EntityIronGolem['Iron Golem (2)'/1096, uuid='dab02679-a989-40bd-afe8-f1bf49c68176', l='ServerLevel[world]', x=-135.70, y=74.00, z=554.70, cpos=[-9, 34], tl=404, v=true] died: Iron Golem (2) tried to swim in lava
[12:24:34] [Server thread/INFO]: Named entity EntityIronGolem['Iron Golem (2)'/1104, uuid='c314d983-1d85-480d-8398-ba40910dd31f', l='ServerLevel[world]', x=-136.42, y=74.00, z=554.70, cpos=[-9, 34], tl=523, v=true] died: Iron Golem (2) tried to swim in lava
[12:26:14] [Server thread/INFO]: Named entity EntityIronGolem['Iron Golem (3)'/1136, uuid='587dbc88-49c1-4028-86ca-563c2f826b22', l='ServerLevel[world]', x=-136.41, y=74.00, z=554.70, cpos=[-9, 34], tl=511, v=true] died: Iron Golem (3) tried to swim in lava
[12:26:15] [Server thread/INFO]: Named entity EntityIronGolem['Iron Golem (2)'/1140, uuid='1e24c5d5-f21a-45ac-a06a-c213746e02b3', l='ServerLevel[world]', x=-136.41, y=74.00, z=554.70, cpos=[-9, 34], tl=32, v=true] died: Iron Golem (2) tried to swim in lava
[12:27:18] [Server thread/INFO]: Named entity EntityIronGolem['Iron Golem (2)'/1176, uuid='e0209669-82c6-497c-96f7-26081a54eedb', l='ServerLevel[world]', x=-135.70, y=74.00, z=554.70, cpos=[-9, 34], tl=489, v=true] died: Iron Golem (2) tried to swim in lava
[12:27:55] [Server thread/INFO]: Named entity EntityIronGolem['Iron Golem (2)'/1208, uuid='2d29f32a-fc04-4a6f-9536-1ada8cf1e158', l='ServerLevel[world]', x=-135.70, y=74.00, z=554.70, cpos=[-9, 34], tl=438, v=true] died: Iron Golem (2) tried to swim in lava
[12:28:46] [Server thread/INFO]: Named entity EntityIronGolem['Iron Golem (3)'/1214, uuid='52d7cd92-3fb0-462f-9364-9e3fcefc0f9f', l='ServerLevel[world]', x=-135.70, y=74.00, z=554.70, cpos=[-9, 34], tl=466, v=true] died: Iron Golem (3) tried to swim in lava
[12:28:48] [Server thread/INFO]: Named entity EntityIronGolem['Iron Golem (2)'/1219, uuid='7bce2b7e-a401-47d8-ab86-f4fcfca5980e', l='ServerLevel[world]', x=-135.70, y=74.00, z=554.70, cpos=[-9, 34], tl=32, v=true] died: Iron Golem (2) tried to swim in lava
[12:29:36] [Server thread/INFO]: Named entity EntityIronGolem['Iron Golem (3)'/1252, uuid='6f6a0e37-87f5-4758-a10d-33e20413c1a6', l='ServerLevel[world]', x=-136.50, y=74.00, z=554.70, cpos=[-9, 34], tl=460, v=true] died: Iron Golem (3) tried to swim in lava
[12:29:38] [Server thread/INFO]: Named entity EntityIronGolem['Iron Golem (2)'/1263, uuid='a6752bff-8b8a-42a7-bc0d-12d4e06dd72d', l='ServerLevel[world]', x=-136.50, y=74.00, z=554.70, cpos=[-9, 34], tl=32, v=true] died: Iron Golem (2) tried to swim in lava
[12:30:26] [Server thread/INFO]: Named entity EntityIronGolem['Iron Golem (2)'/1286, uuid='7756be54-3410-4a09-b533-99b9ed754330', l='ServerLevel[world]', x=-135.70, y=74.00, z=554.70, cpos=[-9, 34], tl=463, v=true] died: Iron Golem (2) tried to swim in lava
[12:31:14] [Server thread/INFO]: Named entity EntityIronGolem['Iron Golem (2)'/1294, uuid='f3801332-c153-4a13-b1ea-160f96d6278b', l='ServerLevel[world]', x=-135.70, y=74.00, z=554.70, cpos=[-9, 34], tl=418, v=true] died: Iron Golem (2) tried to swim in lava
[12:32:58] [Server thread/INFO]: Named entity EntityIronGolem['Iron Golem (3)'/1354, uuid='5a4fbdd0-d599-482c-b5cc-ae64cc1ce693', l='ServerLevel[world]', x=-136.50, y=74.00, z=554.70, cpos=[-9, 34], tl=488, v=true] died: Iron Golem (3) tried to swim in lava
[12:32:59] [Server thread/INFO]: Named entity EntityIronGolem['Iron Golem (2)'/1359, uuid='41cf9608-f028-45e6-b969-4db04401b49a', l='ServerLevel[world]', x=-136.50, y=74.00, z=554.70, cpos=[-9, 34], tl=32, v=true] died: Iron Golem (2) tried to swim in lava
[12:33:40] [Server thread/INFO]: Named entity EntityIronGolem['Iron Golem (2)'/1367, uuid='b2e7c41a-0ca8-4d49-b9d7-091a072a7674', l='ServerLevel[world]', x=-137.30, y=74.00, z=556.30, cpos=[-9, 34], tl=535, v=true] died: Iron Golem (2) tried to swim in lava
[12:34:36] [Server thread/INFO]: Named entity EntityIronGolem['Iron Golem (2)'/1401, uuid='9d010207-33bb-423a-8aec-65fe8093a4e1', l='ServerLevel[world]', x=-135.70, y=74.00, z=554.70, cpos=[-9, 34], tl=461, v=true] died: Iron Golem (2) tried to swim in lava
[12:36:31] [Server thread/INFO]: Named entity EntityIronGolem['Iron Golem (2)'/1465, uuid='66d5d44f-cf20-4743-8b0f-1c849b2e2bdf', l='ServerLevel[world]', x=-135.70, y=74.00, z=555.50, cpos=[-9, 34], tl=460, v=true] died: Iron Golem (2) tried to swim in lava
[12:37:13] [Server thread/INFO]: Named entity EntityIronGolem['Iron Golem (3)'/1490, uuid='f7b61b1a-81fd-4dfa-ac3e-696888109f99', l='ServerLevel[world]', x=-137.30, y=74.00, z=554.70, cpos=[-9, 34], tl=493, v=true] died: Iron Golem (3) tried to swim in lava
[12:37:14] [Server thread/INFO]: Named entity EntityIronGolem['Iron Golem (2)'/1516, uuid='0da7a69f-68ad-4c5a-8c21-e6266dcda6c4', l='ServerLevel[world]', x=-137.30, y=74.00, z=554.70, cpos=[-9, 34], tl=32, v=true] died: Iron Golem (2) tried to swim in lava
[12:38:00] [Server thread/INFO]: Named entity EntityIronGolem['Iron Golem (3)'/1525, uuid='cbcb7be0-44d9-42c3-a50d-7293ba281078', l='ServerLevel[world]', x=-137.30, y=74.00, z=554.70, cpos=[-9, 34], tl=432, v=true] died: Iron Golem (3) tried to swim in lava
[12:38:01] [Server thread/INFO]: Named entity EntityIronGolem['Iron Golem (2)'/1530, uuid='8ade3d71-94f4-4631-8ed3-5a4f67508307', l='ServerLevel[world]', x=-137.30, y=74.00, z=554.70, cpos=[-9, 34], tl=32, v=true] died: Iron Golem (2) tried to swim in lava
[12:38:51] [Server thread/INFO]: Named entity EntityIronGolem['Iron Golem (3)'/1538, uuid='bf653006-d952-4c20-887a-a811d5354c86', l='ServerLevel[world]', x=-137.30, y=74.00, z=554.70, cpos=[-9, 34], tl=461, v=true] died: Iron Golem (3) tried to swim in lava
[12:38:53] [Server thread/INFO]: Named entity EntityIronGolem['Iron Golem (2)'/1545, uuid='e15016ed-5c9e-49ca-8c03-43338ae7b931', l='ServerLevel[world]', x=-137.30, y=74.00, z=554.70, cpos=[-9, 34], tl=32, v=true] died: Iron Golem (2) tried to swim in lava
[12:39:40] [Server thread/INFO]: Named entity EntityIronGolem['Iron Golem (3)'/1553, uuid='b6870a4e-1329-403a-9783-6bf242a20243', l='ServerLevel[world]', x=-136.50, y=74.00, z=554.70, cpos=[-9, 34], tl=446, v=true] died: Iron Golem (3) tried to swim in lava
[12:39:42] [Server thread/INFO]: Named entity EntityIronGolem['Iron Golem (2)'/1558, uuid='04d43eae-0803-4f3c-99b5-503e8d6f62f9', l='ServerLevel[world]', x=-136.50, y=74.00, z=554.70, cpos=[-9, 34], tl=32, v=true] died: Iron Golem (2) tried to swim in lava
[12:41:22] [Server thread/INFO]: Named entity EntityIronGolem['Iron Golem (3)'/1580, uuid='6e1b32ac-9be1-4d46-b28a-ca489ac5b5e6', l='ServerLevel[world]', x=-136.50, y=74.00, z=554.70, cpos=[-9, 34], tl=474, v=true] died: Iron Golem (3) tried to swim in lava
[12:41:23] [Server thread/INFO]: Named entity EntityIronGolem['Iron Golem (2)'/1585, uuid='3db652cb-d70d-4722-8732-116d01b252d6', l='ServerLevel[world]', x=-136.50, y=74.00, z=554.70, cpos=[-9, 34], tl=32, v=true] died: Iron Golem (2) tried to swim in lava
[12:42:18] [Server thread/INFO]: Named entity EntityIronGolem['Iron Golem (2)'/1598, uuid='bf3fc542-b7aa-42d7-b445-e272f02c1d3a', l='ServerLevel[world]', x=-135.70, y=74.00, z=554.70, cpos=[-9, 34], tl=491, v=true] died: Iron Golem (2) tried to swim in lava
[12:43:06] [Server thread/INFO]: Named entity EntityIronGolem['Iron Golem (3)'/1613, uuid='ad1c40e7-f34b-43dd-9456-fd08b0e64e3f', l='ServerLevel[world]', x=-135.70, y=74.00, z=554.70, cpos=[-9, 34], tl=463, v=true] died: Iron Golem (3) tried to swim in lava
[12:43:08] [Server thread/INFO]: Named entity EntityIronGolem['Iron Golem (2)'/1616, uuid='7040ca96-07ab-4ea9-af6c-95541747dd24', l='ServerLevel[world]', x=-135.70, y=74.00, z=554.70, cpos=[-9, 34], tl=32, v=true] died: Iron Golem (2) tried to swim in lava
[12:44:07] [Server thread/INFO]: Named entity EntityIronGolem['Iron Golem (2)'/1631, uuid='57de0838-6486-4601-b65a-4799e8eab94c', l='ServerLevel[world]', x=-135.70, y=74.00, z=554.70, cpos=[-9, 34], tl=475, v=true] died: Iron Golem (2) tried to swim in lava
[12:44:47] [Server thread/INFO]: Named entity EntityIronGolem['Iron Golem (3)'/1640, uuid='b4cf87ec-d372-41a4-b87a-e50b6d116256', l='ServerLevel[world]', x=-137.30, y=74.00, z=554.70, cpos=[-9, 34], tl=476, v=true] died: Iron Golem (3) tried to swim in lava
[12:44:49] [Server thread/INFO]: Named entity EntityIronGolem['Iron Golem (2)'/1645, uuid='6c72ae14-b5f7-4bf3-9db9-20d7835d9757', l='ServerLevel[world]', x=-137.30, y=74.00, z=554.70, cpos=[-9, 34], tl=32, v=true] died: Iron Golem (2) tried to swim in lava
[12:45:42] [Server thread/INFO]: Named entity EntityIronGolem['Iron Golem (2)'/1662, uuid='fd46c24b-6370-4f48-9fa9-87fda8ca13e4', l='ServerLevel[world]', x=-135.70, y=74.00, z=554.70, cpos=[-9, 34], tl=483, v=true] died: Iron Golem (2) tried to swim in lava
[12:47:33] [Server thread/INFO]: Named entity EntityIronGolem['Iron Golem (2)'/1745, uuid='b4f352c6-0e2a-440d-84bf-69d3d8c6bb1b', l='ServerLevel[world]', x=-135.70, y=74.00, z=556.30, cpos=[-9, 34], tl=489, v=true] died: Iron Golem (2) tried to swim in lava
[12:48:24] [Server thread/INFO]: Named entity EntityIronGolem['Iron Golem (2)'/1768, uuid='060598d9-5956-422b-afbc-7e1f3b229674', l='ServerLevel[world]', x=-135.70, y=74.00, z=554.70, cpos=[-9, 34], tl=421, v=true] died: Iron Golem (2) tried to swim in lava
[12:49:03] [Server thread/INFO]: Named entity EntityIronGolem['Iron Golem (3)'/1799, uuid='0193dce2-059d-4430-a4a4-308d4b7b4a22', l='ServerLevel[world]', x=-137.30, y=74.00, z=554.70, cpos=[-9, 34], tl=490, v=true] died: Iron Golem (3) tried to swim in lava
[12:49:04] [Server thread/INFO]: Named entity EntityIronGolem['Iron Golem (2)'/1816, uuid='43a5a097-cba8-4176-9efb-301f8a3294e9', l='ServerLevel[world]', x=-137.30, y=74.00, z=554.70, cpos=[-9, 34], tl=32, v=true] died: Iron Golem (2) tried to swim in lava
[12:50:03] [Server thread/INFO]: Named entity EntityIronGolem['Iron Golem (2)'/1828, uuid='4b397d06-4fcc-4007-97c6-a2f82f5d6eab', l='ServerLevel[world]', x=-135.70, y=74.00, z=554.70, cpos=[-9, 34], tl=489, v=true] died: Iron Golem (2) tried to swim in lava
[12:50:53] [Server thread/INFO]: Named entity EntityIronGolem['Iron Golem (2)'/1840, uuid='0bb33be2-81db-4ead-91ba-bd6c317f6413', l='ServerLevel[world]', x=-135.70, y=74.00, z=554.70, cpos=[-9, 34], tl=489, v=true] died: Iron Golem (2) tried to swim in lava
[12:52:28] [Server thread/INFO]: Named entity EntityIronGolem['Iron Golem (2)'/1886, uuid='55c9c38e-9b07-40c7-be22-00cad4d34ebf', l='ServerLevel[world]', x=-137.30, y=74.00, z=554.70, cpos=[-9, 34], tl=492, v=true] died: Iron Golem (2) tried to swim in lava
[12:53:10] [Server thread/INFO]: Named entity EntityIronGolem['Iron Golem (3)'/1894, uuid='2cf4b483-6f93-42e1-8559-125d8c146930', l='ServerLevel[world]', x=-136.50, y=74.00, z=554.70, cpos=[-9, 34], tl=446, v=true] died: Iron Golem (3) tried to swim in lava
[12:53:12] [Server thread/INFO]: Named entity EntityIronGolem['Iron Golem (2)'/1901, uuid='5eba5690-f2c3-46ed-9ab7-972e14da00bf', l='ServerLevel[world]', x=-136.50, y=74.00, z=554.70, cpos=[-9, 34], tl=32, v=true] died: Iron Golem (2) tried to swim in lava
[12:55:42] [Server thread/INFO]: Named entity EntityIronGolem['Iron Golem (3)'/1959, uuid='78a9da02-3dea-463e-8896-601b6b1dc2f8', l='ServerLevel[world]', x=-137.30, y=74.00, z=554.70, cpos=[-9, 34], tl=475, v=true] died: Iron Golem (3) tried to swim in lava
[12:55:43] [Server thread/INFO]: Named entity EntityIronGolem['Iron Golem (2)'/1964, uuid='2750da91-dcba-4626-94af-f1cbf106a8ec', l='ServerLevel[world]', x=-137.30, y=74.00, z=554.70, cpos=[-9, 34], tl=32, v=true] died: Iron Golem (2) tried to swim in lava
[12:56:38] [Server thread/INFO]: Named entity EntityIronGolem['Iron Golem (2)'/1988, uuid='2f31ac41-8bed-42e8-afc3-da3db218dc0c', l='ServerLevel[world]', x=-135.70, y=74.00, z=554.70, cpos=[-9, 34], tl=489, v=true] died: Iron Golem (2) tried to swim in lava
[12:57:25] [Server thread/INFO]: Named entity EntityIronGolem['Iron Golem (2)'/2003, uuid='aa2d869e-89c0-4f7b-896a-7ff89d1d791f', l='ServerLevel[world]', x=-136.50, y=74.00, z=554.70, cpos=[-9, 34], tl=446, v=true] died: Iron Golem (2) tried to swim in lava
[12:58:15] [Server thread/INFO]: Named entity EntityIronGolem['Iron Golem (3)'/2031, uuid='30ea6f39-f492-4a37-8111-2a2771e30a9d', l='ServerLevel[world]', x=-136.49, y=74.00, z=554.70, cpos=[-9, 34], tl=446, v=true] died: Iron Golem (3) tried to swim in lava
[12:58:17] [Server thread/INFO]: Named entity EntityIronGolem['Iron Golem (2)'/2035, uuid='325364cc-28b7-48bf-b6f1-4b1bc86b0bbc', l='ServerLevel[world]', x=-136.49, y=74.00, z=554.70, cpos=[-9, 34], tl=32, v=true] died: Iron Golem (2) tried to swim in lava
[12:59:04] [Server thread/INFO]: Named entity EntityIronGolem['Iron Golem (3)'/2053, uuid='38dd8db2-869b-4092-a047-f8c7854101c8', l='ServerLevel[world]', x=-137.30, y=74.00, z=554.70, cpos=[-9, 34], tl=418, v=true] died: Iron Golem (3) tried to swim in lava
[12:59:06] [Server thread/INFO]: Named entity EntityIronGolem['Iron Golem (2)'/2065, uuid='75fb6a96-56e4-428b-98a6-ed9c9085d49d', l='ServerLevel[world]', x=-137.30, y=74.00, z=554.70, cpos=[-9, 34], tl=32, v=true] died: Iron Golem (2) tried to swim in lava
[12:59:57] [Server thread/INFO]: Named entity EntityIronGolem['Iron Golem (2)'/2075, uuid='ae0c1d35-50c9-4899-bb37-65b8109260bf', l='ServerLevel[world]', x=-135.70, y=74.00, z=554.70, cpos=[-9, 34], tl=486, v=true] died: Iron Golem (2) tried to swim in lava
[13:01:30] [Server thread/INFO]: Named entity EntityIronGolem['Iron Golem (2)'/2106, uuid='b29bbc52-6b5e-4912-9493-6d5b5fae3c6e', l='ServerLevel[world]', x=-137.30, y=74.00, z=554.70, cpos=[-9, 34], tl=447, v=true] died: Iron Golem (2) tried to swim in lava
[13:02:28] [Server thread/INFO]: Named entity EntityIronGolem['Iron Golem (3)'/2121, uuid='96f7d308-29bf-4496-83e4-c2f9cc631975', l='ServerLevel[world]', x=-137.30, y=74.00, z=554.70, cpos=[-9, 34], tl=489, v=true] died: Iron Golem (3) tried to swim in lava
[13:02:29] [Server thread/INFO]: Named entity EntityIronGolem['Iron Golem (2)'/2130, uuid='1334c25c-806d-4e8a-8b6f-f4de58974e31', l='ServerLevel[world]', x=-137.30, y=74.00, z=554.70, cpos=[-9, 34], tl=32, v=true] died: Iron Golem (2) tried to swim in lava
[13:03:18] [Server thread/INFO]: Named entity EntityIronGolem['Iron Golem (2)'/2142, uuid='9f9b3886-ee1e-47ed-9f11-489bd7e4405b', l='ServerLevel[world]', x=-137.30, y=74.00, z=554.70, cpos=[-9, 34], tl=489, v=true] died: Iron Golem (2) tried to swim in lava
[13:04:23] [Server thread/INFO]: Named entity EntityIronGolem['Iron Golem (2)'/2160, uuid='a3c60ae2-4bdc-471b-825d-de4446dac5cb', l='ServerLevel[world]', x=-135.70, y=74.00, z=556.30, cpos=[-9, 34], tl=491, v=true] died: Iron Golem (2) tried to swim in lava
[13:05:02] [Server thread/INFO]: Named entity EntityIronGolem['Iron Golem (3)'/2170, uuid='dfcd29a4-17c4-4658-b310-e52de498dfa2', l='ServerLevel[world]', x=-137.30, y=74.00, z=554.70, cpos=[-9, 34], tl=477, v=true] died: Iron Golem (3) tried to swim in lava
[13:05:04] [Server thread/INFO]: Named entity EntityIronGolem['Iron Golem (2)'/2173, uuid='bd518b69-830d-446e-a589-866716a1f32f', l='ServerLevel[world]', x=-137.30, y=74.00, z=554.70, cpos=[-9, 34], tl=32, v=true] died: Iron Golem (2) tried to swim in lava
[13:05:50] [Server thread/INFO]: Named entity EntityIronGolem['Iron Golem (3)'/2183, uuid='a9fc758e-d27e-490d-8305-38c10b85bff7', l='ServerLevel[world]', x=-137.30, y=74.00, z=554.70, cpos=[-9, 34], tl=447, v=true] died: Iron Golem (3) tried to swim in lava
[13:05:52] [Server thread/INFO]: Named entity EntityIronGolem['Iron Golem (2)'/2191, uuid='19f98845-7883-473b-bf5a-58356342e42e', l='ServerLevel[world]', x=-137.30, y=74.00, z=554.70, cpos=[-9, 34], tl=32, v=true] died: Iron Golem (2) tried to swim in lava
[13:06:55] [Server thread/INFO]: Named entity EntityIronGolem['Iron Golem (2)'/2211, uuid='713db000-0293-42cf-8f5e-b23161e896a2', l='ServerLevel[world]', x=-135.70, y=74.00, z=556.30, cpos=[-9, 34], tl=436, v=true] died: Iron Golem (2) tried to swim in lava
[13:07:32] [Server thread/INFO]: Named entity EntityIronGolem['Iron Golem (3)'/2223, uuid='10fe6036-eb3c-4705-aac2-0dc7c7e72837', l='ServerLevel[world]', x=-137.30, y=74.00, z=554.70, cpos=[-9, 34], tl=475, v=true] died: Iron Golem (3) tried to swim in lava
[13:07:33] [Server thread/INFO]: Named entity EntityIronGolem['Iron Golem (2)'/2227, uuid='0743543b-8f99-4a25-9173-1a805e97dddf', l='ServerLevel[world]', x=-137.30, y=74.00, z=554.70, cpos=[-9, 34], tl=32, v=true] died: Iron Golem (2) tried to swim in lava
[13:08:38] [Server thread/INFO]: Named entity EntityIronGolem['Iron Golem (2)'/2239, uuid='b81b0eaf-1f27-4ac6-a405-ddaee06802c6', l='ServerLevel[world]', x=-135.70, y=74.00, z=555.62, cpos=[-9, 34], tl=496, v=true] died: Iron Golem (2) tried to swim in lava
[13:09:13] [Server thread/INFO]: Named entity EntityIronGolem['Iron Golem (2)'/2245, uuid='1e6fa485-7fa5-45b3-9a14-fd1015402ff4', l='ServerLevel[world]', x=-135.70, y=74.00, z=554.70, cpos=[-9, 34], tl=489, v=true] died: Iron Golem (2) tried to swim in lava
[13:10:02] [Server thread/INFO]: Named entity EntityIronGolem['Iron Golem (2)'/2254, uuid='cc61818c-5e7e-4601-a4ce-5ebc8602f830', l='ServerLevel[world]', x=-135.70, y=74.00, z=554.70, cpos=[-9, 34], tl=475, v=true] died: Iron Golem (2) tried to swim in lava
[13:10:56] [Server thread/INFO]: Named entity EntityIronGolem['Iron Golem (2)'/2271, uuid='c1c10766-e34f-4881-aa80-26f93cdb6c85', l='ServerLevel[world]', x=-136.33, y=74.00, z=554.70, cpos=[-9, 34], tl=466, v=true] died: Iron Golem (2) tried to swim in lava
[13:12:36] [Server thread/INFO]: Named entity EntityIronGolem['Iron Golem (3)'/2313, uuid='3d7d2357-93f6-4391-b7e9-f6b36655c123', l='ServerLevel[world]', x=-137.30, y=74.00, z=554.70, cpos=[-9, 34], tl=461, v=true] died: Iron Golem (3) tried to swim in lava
[13:12:38] [Server thread/INFO]: Named entity EntityIronGolem['Iron Golem (2)'/2319, uuid='f931b208-10d7-46c5-8bae-fea8efd1e5d8', l='ServerLevel[world]', x=-137.30, y=74.00, z=554.70, cpos=[-9, 34], tl=32, v=true] died: Iron Golem (2) tried to swim in lava
[13:13:28] [Server thread/INFO]: Named entity EntityIronGolem['Iron Golem (3)'/2330, uuid='b79d3799-616d-4014-92b7-d50da23995f7', l='ServerLevel[world]', x=-136.50, y=74.00, z=554.70, cpos=[-9, 34], tl=488, v=true] died: Iron Golem (3) tried to swim in lava
[13:13:29] [Server thread/INFO]: Named entity EntityIronGolem['Iron Golem (2)'/2340, uuid='d9a8ac76-05d8-4323-afdb-2e090a808bd0', l='ServerLevel[world]', x=-136.50, y=74.00, z=554.70, cpos=[-9, 34], tl=32, v=true] died: Iron Golem (2) tried to swim in lava
[13:15:07] [Server thread/INFO]: Named entity EntityIronGolem['Iron Golem (3)'/2361, uuid='a654f957-08da-4738-a047-cde21677f756', l='ServerLevel[world]', x=-136.50, y=74.00, z=554.70, cpos=[-9, 34], tl=474, v=true] died: Iron Golem (3) tried to swim in lava
[13:15:08] [Server thread/INFO]: Named entity EntityIronGolem['Iron Golem (2)'/2367, uuid='d791732e-5707-4fb3-bf68-4b78bb6a1611', l='ServerLevel[world]', x=-136.50, y=74.00, z=554.70, cpos=[-9, 34], tl=32, v=true] died: Iron Golem (2) tried to swim in lava
[13:15:52] [Server thread/INFO]: Named entity EntityIronGolem['Iron Golem (2)'/2378, uuid='a140337c-5ae8-46ab-88dd-2c067852f1ae', l='ServerLevel[world]', x=-137.30, y=74.00, z=556.30, cpos=[-9, 34], tl=475, v=true] died: Iron Golem (2) tried to swim in lava
[13:16:49] [Server thread/INFO]: Named entity EntityIronGolem['Iron Golem (3)'/2388, uuid='f0829e4a-0102-4fbf-8dcf-7debdac58517', l='ServerLevel[world]', x=-137.30, y=74.00, z=554.70, cpos=[-9, 34], tl=510, v=true] died: Iron Golem (3) tried to swim in lava
[13:16:50] [Server thread/INFO]: Named entity EntityIronGolem['Iron Golem (2)'/2396, uuid='f55695bb-cc2f-4242-a9ef-457fc8a482b1', l='ServerLevel[world]', x=-137.30, y=74.00, z=554.70, cpos=[-9, 34], tl=32, v=true] died: Iron Golem (2) tried to swim in lava
[13:17:44] [Server thread/INFO]: Named entity EntityIronGolem['Iron Golem (2)'/2406, uuid='eace8596-8532-482b-917b-b41fed284622', l='ServerLevel[world]', x=-136.43, y=74.00, z=554.70, cpos=[-9, 34], tl=521, v=true] died: Iron Golem (2) tried to swim in lava
[13:18:01] [RCON Listener #1/INFO]: Thread RCON Client /127.0.0.1 started
[13:18:01] [Server thread/INFO]: [Rcon: Stopping the server]
[13:18:01] [Server thread/INFO]: Stopping server
[13:18:01] [Server thread/INFO]: [Essentials] Disabling Essentials v2.19.0
[13:18:01] [RCON Client /127.0.0.1 #2/INFO]: Thread RCON Client /127.0.0.1 shutting down
[13:18:01] [Server thread/INFO]: [Vault] [Economy] Essentials Economy unhooked.
[13:18:01] [Server thread/INFO]: [LockettePro] Disabling LockettePro v2.10.10
[13:18:01] [Server thread/INFO]: [WorldEdit] Disabling WorldEdit v7.2.8+6008-1246d61
[13:18:01] [Server thread/INFO]: Unregistering com.sk89q.worldedit.bukkit.BukkitServerInterface from WorldEdit
[13:18:01] [Server thread/INFO]: [LightChecker] Disabling LightChecker v0.1
[13:18:01] [Server thread/INFO]: [LightChecker] [STDOUT] LightChecker : onDisable
[13:18:01] [Server thread/WARN]: Nag author(s): '[]' of 'LightChecker' about their usage of System.out/err.print. Please use your plugin's logger instead (JavaPlugin#getLogger).
[13:18:01] [Server thread/INFO]: [TeerutAll] Disabling TeerutAll v0.1
[13:18:01] [Server thread/INFO]: [TeerutAll] [STDOUT] [TeerutAll] : onDisable
[13:18:01] [Server thread/WARN]: Nag author(s): '[]' of 'TeerutAll' about their usage of System.out/err.print. Please use your plugin's logger instead (JavaPlugin#getLogger).
[13:18:01] [Server thread/INFO]: [Vault] Disabling Vault v1.7.3-b131
[13:18:01] [Server thread/INFO]: [OreTools] Disabling OreTools v0.1
[13:18:01] [Server thread/INFO]: Ore Tools : Disable
[13:18:01] [Server thread/INFO]: [StackMob] Disabling StackMob v5.7.3
[13:18:01] [Server thread/INFO]: [FarmTools] Disabling FarmTools v0.1
[13:18:01] [Server thread/INFO]: [FarmTools] [STDOUT] FarmTools : onDisable
[13:18:01] [Server thread/WARN]: Nag author(s): '[]' of 'FarmTools' about their usage of System.out/err.print. Please use your plugin's logger instead (JavaPlugin#getLogger).
[13:18:01] [Server thread/INFO]: [SkinsRestorer] Disabling SkinsRestorer v14.1.10
[13:18:01] [Server thread/INFO]: [LuckPerms] Disabling LuckPerms v5.3.86
[13:18:01] [Server thread/INFO]: [LuckPerms] Starting shutdown process...
[13:18:01] [Server thread/INFO]: [LuckPerms] Closing storage...
[13:18:02] [Server thread/INFO]: [LuckPerms] Goodbye!
[13:18:02] [Server thread/INFO]: Saving players
[13:18:02] [Server thread/INFO]: Saving worlds
[13:18:02] [Server thread/INFO]: Saving chunks for level 'ServerLevel[world]'/minecraft:overworld
[13:18:02] [Server thread/INFO]: Saving chunks for level 'ServerLevel[world_nether]'/minecraft:the_nether
[13:18:02] [Server thread/INFO]: Saving chunks for level 'ServerLevel[world_the_end]'/minecraft:the_end
[13:18:02] [Server thread/INFO]: ThreadedAnvilChunkStorage (world): All chunks are saved
[13:18:02] [Server thread/INFO]: ThreadedAnvilChunkStorage (DIM-1): All chunks are saved
[13:18:02] [Server thread/INFO]: ThreadedAnvilChunkStorage (DIM1): All chunks are saved
[13:18:02] [Server thread/INFO]: ThreadedAnvilChunkStorage: All dimensions are saved
[13:18:02] [Server thread/INFO]: Flushing Chunk IO
[13:18:02] [Server thread/INFO]: Closing Thread Pool
[13:18:02] [Server thread/INFO]: Closing Server
